<?xml version="1.0" encoding="UTF-8"?>
<testsuite name="app.littlemonkey.jetbrains.AcpGradleTest" tests="1" skipped="0" failures="0" errors="0" timestamp="2026-07-13T22:50:58.132Z" hostname="Mac" time="0.17">
  <properties/>
  <testcase name="acpContractCorpusPasses()" classname="app.littlemonkey.jetbrains.AcpGradleTest" time="0.165"/>
  <system-out><![CDATA[contract: message builders
contract: update parser
contract: launch argv
contract: transport success
contract: RPC error
contract: size limit
contract: disconnect
ACP contract tests: 32 passed
Test log file: /Users/ahmad/Documents/newApp/extensions/little-monkey-jetbrains/.intellijPlatform/sandbox/little-monkey-jetbrains/IU-2025.1.7/log-test/idea.log
]]></system-out>
  <system-err><![CDATA[Configuration file for j.u.l.LogManager does not exist: /Users/ahmad/.gradle/caches/9.6.1/transforms/fa3f6b7548604cdb323513b7c96cbf9d/transformed/ideaIU-2025.1.7-aarch64/test-log.properties
SLF4J(E): A service provider failed to instantiate:
org.slf4j.spi.SLF4JServiceProvider: Provider com.intellij.clouds.docker.devcontainers.cli.logging.SLF4JServiceProviderImpl could not be instantiated
]]></system-err>
</testsuite>
